Linked: (/home/diogocf/icarus_ws/devel/.private/sort_track/include/sort_track/IntList2d.h, /home/diogocf/icarus_ws/devel/include/sort_track/IntList2d.h)
Linked: (/home/diogocf/icarus_ws/devel/.private/sort_track/include/sort_track/IntList.h, /home/diogocf/icarus_ws/devel/include/sort_track/IntList.h)
Linked: (/home/diogocf/icarus_ws/devel/.private/sort_track/lib/python3/dist-packages/sort_track/__init__.py, /home/diogocf/icarus_ws/devel/lib/python3/dist-packages/sort_track/__init__.py)
Linked: (/home/diogocf/icarus_ws/devel/.private/sort_track/lib/python3/dist-packages/sort_track/msg/_IntList2d.py, /home/diogocf/icarus_ws/devel/lib/python3/dist-packages/sort_track/msg/_IntList2d.py)
Linked: (/home/diogocf/icarus_ws/devel/.private/sort_track/lib/python3/dist-packages/sort_track/msg/_IntList.py, /home/diogocf/icarus_ws/devel/lib/python3/dist-packages/sort_track/msg/_IntList.py)
Linked: (/home/diogocf/icarus_ws/devel/.private/sort_track/lib/python3/dist-packages/sort_track/msg/__init__.py, /home/diogocf/icarus_ws/devel/lib/python3/dist-packages/sort_track/msg/__init__.py)
Linked: (/home/diogocf/icarus_ws/devel/.private/sort_track/lib/pkgconfig/sort_track.pc, /home/diogocf/icarus_ws/devel/lib/pkgconfig/sort_track.pc)
Linked: (/home/diogocf/icarus_ws/devel/.private/sort_track/share/roseus/ros/sort_track/manifest.l, /home/diogocf/icarus_ws/devel/share/roseus/ros/sort_track/manifest.l)
Linked: (/home/diogocf/icarus_ws/devel/.private/sort_track/share/roseus/ros/sort_track/msg/IntList.l, /home/diogocf/icarus_ws/devel/share/roseus/ros/sort_track/msg/IntList.l)
Linked: (/home/diogocf/icarus_ws/devel/.private/sort_track/share/roseus/ros/sort_track/msg/IntList2d.l, /home/diogocf/icarus_ws/devel/share/roseus/ros/sort_track/msg/IntList2d.l)
Linked: (/home/diogocf/icarus_ws/devel/.private/sort_track/share/sort_track/cmake/sort_trackConfig-version.cmake, /home/diogocf/icarus_ws/devel/share/sort_track/cmake/sort_trackConfig-version.cmake)
Linked: (/home/diogocf/icarus_ws/devel/.private/sort_track/share/sort_track/cmake/sort_trackConfig.cmake, /home/diogocf/icarus_ws/devel/share/sort_track/cmake/sort_trackConfig.cmake)
Linked: (/home/diogocf/icarus_ws/devel/.private/sort_track/share/sort_track/cmake/sort_track-msg-paths.cmake, /home/diogocf/icarus_ws/devel/share/sort_track/cmake/sort_track-msg-paths.cmake)
Linked: (/home/diogocf/icarus_ws/devel/.private/sort_track/share/sort_track/cmake/sort_track-msg-extras.cmake, /home/diogocf/icarus_ws/devel/share/sort_track/cmake/sort_track-msg-extras.cmake)
Linked: (/home/diogocf/icarus_ws/devel/.private/sort_track/share/gennodejs/ros/sort_track/_index.js, /home/diogocf/icarus_ws/devel/share/gennodejs/ros/sort_track/_index.js)
Linked: (/home/diogocf/icarus_ws/devel/.private/sort_track/share/gennodejs/ros/sort_track/msg/_index.js, /home/diogocf/icarus_ws/devel/share/gennodejs/ros/sort_track/msg/_index.js)
Linked: (/home/diogocf/icarus_ws/devel/.private/sort_track/share/gennodejs/ros/sort_track/msg/IntList.js, /home/diogocf/icarus_ws/devel/share/gennodejs/ros/sort_track/msg/IntList.js)
Linked: (/home/diogocf/icarus_ws/devel/.private/sort_track/share/gennodejs/ros/sort_track/msg/IntList2d.js, /home/diogocf/icarus_ws/devel/share/gennodejs/ros/sort_track/msg/IntList2d.js)
Linked: (/home/diogocf/icarus_ws/devel/.private/sort_track/share/common-lisp/ros/sort_track/msg/_package.lisp, /home/diogocf/icarus_ws/devel/share/common-lisp/ros/sort_track/msg/_package.lisp)
Linked: (/home/diogocf/icarus_ws/devel/.private/sort_track/share/common-lisp/ros/sort_track/msg/IntList.lisp, /home/diogocf/icarus_ws/devel/share/common-lisp/ros/sort_track/msg/IntList.lisp)
Linked: (/home/diogocf/icarus_ws/devel/.private/sort_track/share/common-lisp/ros/sort_track/msg/_package_IntList.lisp, /home/diogocf/icarus_ws/devel/share/common-lisp/ros/sort_track/msg/_package_IntList.lisp)
Linked: (/home/diogocf/icarus_ws/devel/.private/sort_track/share/common-lisp/ros/sort_track/msg/sort_track-msg.asd, /home/diogocf/icarus_ws/devel/share/common-lisp/ros/sort_track/msg/sort_track-msg.asd)
Linked: (/home/diogocf/icarus_ws/devel/.private/sort_track/share/common-lisp/ros/sort_track/msg/_package_IntList2d.lisp, /home/diogocf/icarus_ws/devel/share/common-lisp/ros/sort_track/msg/_package_IntList2d.lisp)
Linked: (/home/diogocf/icarus_ws/devel/.private/sort_track/share/common-lisp/ros/sort_track/msg/IntList2d.lisp, /home/diogocf/icarus_ws/devel/share/common-lisp/ros/sort_track/msg/IntList2d.lisp)
