Linked: (/home/diogocf/icarus_ws/devel/.private/detection_msgs/include/detection_msgs/PublishData.h, /home/diogocf/icarus_ws/devel/include/detection_msgs/PublishData.h)
Linked: (/home/diogocf/icarus_ws/devel/.private/detection_msgs/include/detection_msgs/BoundingBoxes.h, /home/diogocf/icarus_ws/devel/include/detection_msgs/BoundingBoxes.h)
Linked: (/home/diogocf/icarus_ws/devel/.private/detection_msgs/include/detection_msgs/BoundingBox.h, /home/diogocf/icarus_ws/devel/include/detection_msgs/BoundingBox.h)
Linked: (/home/diogocf/icarus_ws/devel/.private/detection_msgs/lib/python3/dist-packages/detection_msgs/__init__.py, /home/diogocf/icarus_ws/devel/lib/python3/dist-packages/detection_msgs/__init__.py)
Linked: (/home/diogocf/icarus_ws/devel/.private/detection_msgs/lib/python3/dist-packages/detection_msgs/msg/_BoundingBoxes.py, /home/diogocf/icarus_ws/devel/lib/python3/dist-packages/detection_msgs/msg/_BoundingBoxes.py)
Linked: (/home/diogocf/icarus_ws/devel/.private/detection_msgs/lib/python3/dist-packages/detection_msgs/msg/_BoundingBox.py, /home/diogocf/icarus_ws/devel/lib/python3/dist-packages/detection_msgs/msg/_BoundingBox.py)
Linked: (/home/diogocf/icarus_ws/devel/.private/detection_msgs/lib/python3/dist-packages/detection_msgs/msg/__init__.py, /home/diogocf/icarus_ws/devel/lib/python3/dist-packages/detection_msgs/msg/__init__.py)
Linked: (/home/diogocf/icarus_ws/devel/.private/detection_msgs/lib/python3/dist-packages/detection_msgs/msg/_PublishData.py, /home/diogocf/icarus_ws/devel/lib/python3/dist-packages/detection_msgs/msg/_PublishData.py)
Linked: (/home/diogocf/icarus_ws/devel/.private/detection_msgs/lib/pkgconfig/detection_msgs.pc, /home/diogocf/icarus_ws/devel/lib/pkgconfig/detection_msgs.pc)
Linked: (/home/diogocf/icarus_ws/devel/.private/detection_msgs/share/roseus/ros/detection_msgs/manifest.l, /home/diogocf/icarus_ws/devel/share/roseus/ros/detection_msgs/manifest.l)
Linked: (/home/diogocf/icarus_ws/devel/.private/detection_msgs/share/roseus/ros/detection_msgs/msg/BoundingBox.l, /home/diogocf/icarus_ws/devel/share/roseus/ros/detection_msgs/msg/BoundingBox.l)
Linked: (/home/diogocf/icarus_ws/devel/.private/detection_msgs/share/roseus/ros/detection_msgs/msg/BoundingBoxes.l, /home/diogocf/icarus_ws/devel/share/roseus/ros/detection_msgs/msg/BoundingBoxes.l)
Linked: (/home/diogocf/icarus_ws/devel/.private/detection_msgs/share/roseus/ros/detection_msgs/msg/PublishData.l, /home/diogocf/icarus_ws/devel/share/roseus/ros/detection_msgs/msg/PublishData.l)
Linked: (/home/diogocf/icarus_ws/devel/.private/detection_msgs/share/detection_msgs/cmake/detection_msgs-msg-paths.cmake, /home/diogocf/icarus_ws/devel/share/detection_msgs/cmake/detection_msgs-msg-paths.cmake)
Linked: (/home/diogocf/icarus_ws/devel/.private/detection_msgs/share/detection_msgs/cmake/detection_msgs-msg-extras.cmake, /home/diogocf/icarus_ws/devel/share/detection_msgs/cmake/detection_msgs-msg-extras.cmake)
Linked: (/home/diogocf/icarus_ws/devel/.private/detection_msgs/share/detection_msgs/cmake/detection_msgsConfig-version.cmake, /home/diogocf/icarus_ws/devel/share/detection_msgs/cmake/detection_msgsConfig-version.cmake)
Linked: (/home/diogocf/icarus_ws/devel/.private/detection_msgs/share/detection_msgs/cmake/detection_msgsConfig.cmake, /home/diogocf/icarus_ws/devel/share/detection_msgs/cmake/detection_msgsConfig.cmake)
Linked: (/home/diogocf/icarus_ws/devel/.private/detection_msgs/share/gennodejs/ros/detection_msgs/_index.js, /home/diogocf/icarus_ws/devel/share/gennodejs/ros/detection_msgs/_index.js)
Linked: (/home/diogocf/icarus_ws/devel/.private/detection_msgs/share/gennodejs/ros/detection_msgs/msg/_index.js, /home/diogocf/icarus_ws/devel/share/gennodejs/ros/detection_msgs/msg/_index.js)
Linked: (/home/diogocf/icarus_ws/devel/.private/detection_msgs/share/gennodejs/ros/detection_msgs/msg/PublishData.js, /home/diogocf/icarus_ws/devel/share/gennodejs/ros/detection_msgs/msg/PublishData.js)
Linked: (/home/diogocf/icarus_ws/devel/.private/detection_msgs/share/gennodejs/ros/detection_msgs/msg/BoundingBoxes.js, /home/diogocf/icarus_ws/devel/share/gennodejs/ros/detection_msgs/msg/BoundingBoxes.js)
Linked: (/home/diogocf/icarus_ws/devel/.private/detection_msgs/share/gennodejs/ros/detection_msgs/msg/BoundingBox.js, /home/diogocf/icarus_ws/devel/share/gennodejs/ros/detection_msgs/msg/BoundingBox.js)
Linked: (/home/diogocf/icarus_ws/devel/.private/detection_msgs/share/common-lisp/ros/detection_msgs/msg/_package.lisp, /home/diogocf/icarus_ws/devel/share/common-lisp/ros/detection_msgs/msg/_package.lisp)
Linked: (/home/diogocf/icarus_ws/devel/.private/detection_msgs/share/common-lisp/ros/detection_msgs/msg/detection_msgs-msg.asd, /home/diogocf/icarus_ws/devel/share/common-lisp/ros/detection_msgs/msg/detection_msgs-msg.asd)
Linked: (/home/diogocf/icarus_ws/devel/.private/detection_msgs/share/common-lisp/ros/detection_msgs/msg/_package_PublishData.lisp, /home/diogocf/icarus_ws/devel/share/common-lisp/ros/detection_msgs/msg/_package_PublishData.lisp)
Linked: (/home/diogocf/icarus_ws/devel/.private/detection_msgs/share/common-lisp/ros/detection_msgs/msg/PublishData.lisp, /home/diogocf/icarus_ws/devel/share/common-lisp/ros/detection_msgs/msg/PublishData.lisp)
Linked: (/home/diogocf/icarus_ws/devel/.private/detection_msgs/share/common-lisp/ros/detection_msgs/msg/BoundingBoxes.lisp, /home/diogocf/icarus_ws/devel/share/common-lisp/ros/detection_msgs/msg/BoundingBoxes.lisp)
Linked: (/home/diogocf/icarus_ws/devel/.private/detection_msgs/share/common-lisp/ros/detection_msgs/msg/_package_BoundingBoxes.lisp, /home/diogocf/icarus_ws/devel/share/common-lisp/ros/detection_msgs/msg/_package_BoundingBoxes.lisp)
Linked: (/home/diogocf/icarus_ws/devel/.private/detection_msgs/share/common-lisp/ros/detection_msgs/msg/BoundingBox.lisp, /home/diogocf/icarus_ws/devel/share/common-lisp/ros/detection_msgs/msg/BoundingBox.lisp)
Linked: (/home/diogocf/icarus_ws/devel/.private/detection_msgs/share/common-lisp/ros/detection_msgs/msg/_package_BoundingBox.lisp, /home/diogocf/icarus_ws/devel/share/common-lisp/ros/detection_msgs/msg/_package_BoundingBox.lisp)
