[  0%] Built target sensor_msgs_generate_messages_py
[  0%] Built target std_msgs_generate_messages_py
[  0%] Built target std_msgs_generate_messages_cpp
[  0%] Built target sensor_msgs_generate_messages_cpp
[  0%] Built target vision_msgs_generate_messages_py
[  0%] Built target vision_msgs_generate_messages_cpp
[  0%] Built target sensor_msgs_generate_messages_eus
[  0%] Built target vision_msgs_generate_messages_eus
[  0%] Built target std_msgs_generate_messages_eus
[  0%] Built target std_msgs_generate_messages_lisp
[  0%] Built target sensor_msgs_generate_messages_lisp
[  0%] Built target vision_msgs_generate_messages_lisp
[  0%] Built target sensor_msgs_generate_messages_nodejs
[  0%] Built target std_msgs_generate_messages_nodejs
[  0%] Built target vision_msgs_generate_messages_nodejs
[  0%] Built target _ultralytics_ros_generate_messages_check_deps_YoloResult
[ 33%] Built target ultralytics_ros_generate_messages_nodejs
[ 33%] Built target ultralytics_ros_generate_messages_cpp
[ 33%] Built target ultralytics_ros_generate_messages_lisp
[ 55%] Built target ultralytics_ros_generate_messages_py
[ 77%] Built target ultralytics_ros_generate_messages_eus
[ 77%] Built target ultralytics_ros_generate_messages
[ 88%] [32mBuilding CXX object CMakeFiles/tracker_with_cloud_node.dir/src/tracker_with_cloud_node.cpp.o[0m
[100%] [32m[1mLinking CXX executable /home/diogocf/icarus_ws/devel/.private/ultralytics_ros/lib/ultralytics_ros/tracker_with_cloud_node[0m
[100%] Built target tracker_with_cloud_node
